nohup: ignoring input
[dotenv@17.2.3] injecting env (13) from .env -- tip: ⚙️  load multiple .env files with { path: ['.env.local', '.env'] }

==============================================
GrandPro HMSO Backend Server
==============================================
✓ Server running on http://0.0.0.0:5000
✓ Health check: http://0.0.0.0:5000/health
✓ API status: http://0.0.0.0:5000/api/status
==============================================
  
2025-10-04T03:13:05.735Z - GET /health
2025-10-04T03:14:05.709Z - GET /health
2025-10-04T03:14:51.232Z - GET /api/status
2025-10-04T03:15:38.193Z - GET /health
2025-10-04T03:16:01.109Z - GET /api/status
2025-10-04T03:16:12.218Z - GET /api/dashboard/stats
2025-10-04T03:18:35.598Z - GET /health
2025-10-04T03:18:35.691Z - GET /api/status
2025-10-04T03:18:36.013Z - GET /api
2025-10-04T03:18:36.101Z - GET /api/dashboard/stats
2025-10-04T03:18:36.299Z - POST /api/auth/login
Login error: error: column "full_name" does not exist
    at /root/grandpro-hmso-new/backend/node_modules/pg-pool/index.js:45:11
    at process.processTicksAndRejections (node:internal/process/task_queues:95:5)
    at async /root/grandpro-hmso-new/backend/simple-server.js:92:20 {
  length: 109,
  severity: 'ERROR',
  code: '42703',
  detail: undefined,
  hint: undefined,
  position: '19',
  internalPosition: undefined,
  internalQuery: undefined,
  where: undefined,
  schema: undefined,
  table: undefined,
  column: undefined,
  dataType: undefined,
  constraint: undefined,
  file: 'parse_relation.c',
  line: '3716',
  routine: 'errorMissingColumn'
}
2025-10-04T03:18:36.421Z - POST /api/auth/register
Register error: error: column "full_name" of relation "users" does not exist
    at /root/grandpro-hmso-new/backend/node_modules/pg-pool/index.js:45:11
    at process.processTicksAndRejections (node:internal/process/task_queues:95:5)
    at async /root/grandpro-hmso-new/backend/simple-server.js:131:20 {
  length: 127,
  severity: 'ERROR',
  code: '42703',
  detail: undefined,
  hint: undefined,
  position: '42',
  internalPosition: undefined,
  internalQuery: undefined,
  where: undefined,
  schema: undefined,
  table: undefined,
  column: undefined,
  dataType: undefined,
  constraint: undefined,
  file: 'parse_target.c',
  line: '1065',
  routine: 'checkInsertTargets'
}
2025-10-04T03:18:36.732Z - GET /api/onboarding/applications
Applications error: error: relation "applications" does not exist
    at /root/grandpro-hmso-new/backend/node_modules/pg-pool/index.js:45:11
    at process.processTicksAndRejections (node:internal/process/task_queues:95:5)
    at async /root/grandpro-hmso-new/backend/simple-server.js:153:20 {
  length: 111,
  severity: 'ERROR',
  code: '42P01',
  detail: undefined,
  hint: undefined,
  position: '56',
  internalPosition: undefined,
  internalQuery: undefined,
  where: undefined,
  schema: undefined,
  table: undefined,
  column: undefined,
  dataType: undefined,
  constraint: undefined,
  file: 'parse_relation.c',
  line: '1449',
  routine: 'parserOpenTable'
}
2025-10-04T03:18:37.040Z - POST /api/onboarding/applications
Application error: error: relation "applications" does not exist
    at /root/grandpro-hmso-new/backend/node_modules/pg-pool/index.js:45:11
    at process.processTicksAndRejections (node:internal/process/task_queues:95:5)
    at async /root/grandpro-hmso-new/backend/simple-server.js:171:20 {
  length: 111,
  severity: 'ERROR',
  code: '42P01',
  detail: undefined,
  hint: undefined,
  position: '13',
  internalPosition: undefined,
  internalQuery: undefined,
  where: undefined,
  schema: undefined,
  table: undefined,
  column: undefined,
  dataType: undefined,
  constraint: undefined,
  file: 'parse_relation.c',
  line: '1449',
  routine: 'parserOpenTable'
}
2025-10-04T03:18:37.344Z - GET /api/crm/patients
2025-10-04T03:18:37.653Z - POST /api/crm/patients
Create patient error: error: column "patient_id" of relation "patients" does not exist
    at /root/grandpro-hmso-new/backend/node_modules/pg-pool/index.js:45:11
    at process.processTicksAndRejections (node:internal/process/task_queues:95:5)
    at async /root/grandpro-hmso-new/backend/simple-server.js:222:20 {
  length: 131,
  severity: 'ERROR',
  code: '42703',
  detail: undefined,
  hint: undefined,
  position: '23',
  internalPosition: undefined,
  internalQuery: undefined,
  where: undefined,
  schema: undefined,
  table: undefined,
  column: undefined,
  dataType: undefined,
  constraint: undefined,
  file: 'parse_target.c',
  line: '1065',
  routine: 'checkInsertTargets'
}
2025-10-04T03:18:37.772Z - GET /api/hospital/overview
2025-10-04T03:18:38.090Z - GET /api/operations/metrics
2025-10-04T03:18:38.185Z - GET /api/analytics/summary
2025-10-04T03:18:38.286Z - GET /api/partners/insurance
2025-10-04T03:18:38.378Z - GET /api/security/audit-logs
