2025-10-02T15:26:10: Error: No database connection string was provided to `neon()`. Perhaps an environment variable has not been set?
2025-10-02T15:26:10:     at neon (/root/grandpro-hmso-new/backend/node_modules/@neondatabase/serverless/index.js:1272:57)
2025-10-02T15:26:10:     at Object.<anonymous> (/root/grandpro-hmso-new/backend/src/services/owner-crm.service.js:5:13)
2025-10-02T15:26:10:     at Module._compile (node:internal/modules/cjs/loader:1521:14)
2025-10-02T15:26:10:     at Module._extensions..js (node:internal/modules/cjs/loader:1623:10)
2025-10-02T15:26:10:     at Module.load (node:internal/modules/cjs/loader:1266:32)
2025-10-02T15:26:10:     at Module._load (node:internal/modules/cjs/loader:1091:12)
2025-10-02T15:26:10:     at Module.require (node:internal/modules/cjs/loader:1289:19)
2025-10-02T15:26:10:     at Hook._require.Module.require (/usr/lib/node_modules/pm2/node_modules/require-in-the-middle/index.js:101:39)
2025-10-02T15:26:10:     at require (node:internal/modules/helpers:182:18)
2025-10-02T15:26:10:     at Object.<anonymous> (/root/grandpro-hmso-new/backend/src/routes/owner-crm.routes.js:3:25)
2025-10-02T15:26:11: Error: No database connection string was provided to `neon()`. Perhaps an environment variable has not been set?
2025-10-02T15:26:11:     at neon (/root/grandpro-hmso-new/backend/node_modules/@neondatabase/serverless/index.js:1272:57)
2025-10-02T15:26:11:     at Object.<anonymous> (/root/grandpro-hmso-new/backend/src/services/owner-crm.service.js:5:13)
2025-10-02T15:26:11:     at Module._compile (node:internal/modules/cjs/loader:1521:14)
2025-10-02T15:26:11:     at Module._extensions..js (node:internal/modules/cjs/loader:1623:10)
2025-10-02T15:26:11:     at Module.load (node:internal/modules/cjs/loader:1266:32)
2025-10-02T15:26:11:     at Module._load (node:internal/modules/cjs/loader:1091:12)
2025-10-02T15:26:11:     at Module.require (node:internal/modules/cjs/loader:1289:19)
2025-10-02T15:26:11:     at Hook._require.Module.require (/usr/lib/node_modules/pm2/node_modules/require-in-the-middle/index.js:101:39)
2025-10-02T15:26:11:     at require (node:internal/modules/helpers:182:18)
2025-10-02T15:26:11:     at Object.<anonymous> (/root/grandpro-hmso-new/backend/src/routes/owner-crm.routes.js:3:25)
2025-10-02T15:26:12: Error: No database connection string was provided to `neon()`. Perhaps an environment variable has not been set?
2025-10-02T15:26:12:     at neon (/root/grandpro-hmso-new/backend/node_modules/@neondatabase/serverless/index.js:1272:57)
2025-10-02T15:26:12:     at Object.<anonymous> (/root/grandpro-hmso-new/backend/src/services/owner-crm.service.js:5:13)
2025-10-02T15:26:12:     at Module._compile (node:internal/modules/cjs/loader:1521:14)
2025-10-02T15:26:12:     at Module._extensions..js (node:internal/modules/cjs/loader:1623:10)
2025-10-02T15:26:12:     at Module.load (node:internal/modules/cjs/loader:1266:32)
2025-10-02T15:26:12:     at Module._load (node:internal/modules/cjs/loader:1091:12)
2025-10-02T15:26:12:     at Module.require (node:internal/modules/cjs/loader:1289:19)
2025-10-02T15:26:12:     at Hook._require.Module.require (/usr/lib/node_modules/pm2/node_modules/require-in-the-middle/index.js:101:39)
2025-10-02T15:26:12:     at require (node:internal/modules/helpers:182:18)
2025-10-02T15:26:12:     at Object.<anonymous> (/root/grandpro-hmso-new/backend/src/routes/owner-crm.routes.js:3:25)
2025-10-02T15:26:13: Error: No database connection string was provided to `neon()`. Perhaps an environment variable has not been set?
2025-10-02T15:26:13:     at neon (/root/grandpro-hmso-new/backend/node_modules/@neondatabase/serverless/index.js:1272:57)
2025-10-02T15:26:13:     at Object.<anonymous> (/root/grandpro-hmso-new/backend/src/services/owner-crm.service.js:5:13)
2025-10-02T15:26:13:     at Module._compile (node:internal/modules/cjs/loader:1521:14)
2025-10-02T15:26:13:     at Module._extensions..js (node:internal/modules/cjs/loader:1623:10)
2025-10-02T15:26:13:     at Module.load (node:internal/modules/cjs/loader:1266:32)
2025-10-02T15:26:13:     at Module._load (node:internal/modules/cjs/loader:1091:12)
2025-10-02T15:26:13:     at Module.require (node:internal/modules/cjs/loader:1289:19)
2025-10-02T15:26:13:     at Hook._require.Module.require (/usr/lib/node_modules/pm2/node_modules/require-in-the-middle/index.js:101:39)
2025-10-02T15:26:13:     at require (node:internal/modules/helpers:182:18)
2025-10-02T15:26:13:     at Object.<anonymous> (/root/grandpro-hmso-new/backend/src/routes/owner-crm.routes.js:3:25)
2025-10-02T15:26:14: Error: No database connection string was provided to `neon()`. Perhaps an environment variable has not been set?
2025-10-02T15:26:14:     at neon (/root/grandpro-hmso-new/backend/node_modules/@neondatabase/serverless/index.js:1272:57)
2025-10-02T15:26:14:     at Object.<anonymous> (/root/grandpro-hmso-new/backend/src/services/owner-crm.service.js:5:13)
2025-10-02T15:26:14:     at Module._compile (node:internal/modules/cjs/loader:1521:14)
2025-10-02T15:26:14:     at Module._extensions..js (node:internal/modules/cjs/loader:1623:10)
2025-10-02T15:26:14:     at Module.load (node:internal/modules/cjs/loader:1266:32)
2025-10-02T15:26:14:     at Module._load (node:internal/modules/cjs/loader:1091:12)
2025-10-02T15:26:14:     at Module.require (node:internal/modules/cjs/loader:1289:19)
2025-10-02T15:26:14:     at Hook._require.Module.require (/usr/lib/node_modules/pm2/node_modules/require-in-the-middle/index.js:101:39)
2025-10-02T15:26:14:     at require (node:internal/modules/helpers:182:18)
2025-10-02T15:26:14:     at Object.<anonymous> (/root/grandpro-hmso-new/backend/src/routes/owner-crm.routes.js:3:25)
2025-10-02T15:26:14: Error: No database connection string was provided to `neon()`. Perhaps an environment variable has not been set?
2025-10-02T15:26:14:     at neon (/root/grandpro-hmso-new/backend/node_modules/@neondatabase/serverless/index.js:1272:57)
2025-10-02T15:26:14:     at Object.<anonymous> (/root/grandpro-hmso-new/backend/src/services/owner-crm.service.js:5:13)
2025-10-02T15:26:14:     at Module._compile (node:internal/modules/cjs/loader:1521:14)
2025-10-02T15:26:14:     at Module._extensions..js (node:internal/modules/cjs/loader:1623:10)
2025-10-02T15:26:14:     at Module.load (node:internal/modules/cjs/loader:1266:32)
2025-10-02T15:26:14:     at Module._load (node:internal/modules/cjs/loader:1091:12)
2025-10-02T15:26:14:     at Module.require (node:internal/modules/cjs/loader:1289:19)
2025-10-02T15:26:14:     at Hook._require.Module.require (/usr/lib/node_modules/pm2/node_modules/require-in-the-middle/index.js:101:39)
2025-10-02T15:26:14:     at require (node:internal/modules/helpers:182:18)
2025-10-02T15:26:14:     at Object.<anonymous> (/root/grandpro-hmso-new/backend/src/routes/owner-crm.routes.js:3:25)
2025-10-02T15:26:15: Error: No database connection string was provided to `neon()`. Perhaps an environment variable has not been set?
2025-10-02T15:26:15:     at neon (/root/grandpro-hmso-new/backend/node_modules/@neondatabase/serverless/index.js:1272:57)
2025-10-02T15:26:15:     at Object.<anonymous> (/root/grandpro-hmso-new/backend/src/services/owner-crm.service.js:5:13)
2025-10-02T15:26:15:     at Module._compile (node:internal/modules/cjs/loader:1521:14)
2025-10-02T15:26:15:     at Module._extensions..js (node:internal/modules/cjs/loader:1623:10)
2025-10-02T15:26:15:     at Module.load (node:internal/modules/cjs/loader:1266:32)
2025-10-02T15:26:15:     at Module._load (node:internal/modules/cjs/loader:1091:12)
2025-10-02T15:26:15:     at Module.require (node:internal/modules/cjs/loader:1289:19)
2025-10-02T15:26:15:     at Hook._require.Module.require (/usr/lib/node_modules/pm2/node_modules/require-in-the-middle/index.js:101:39)
2025-10-02T15:26:15:     at require (node:internal/modules/helpers:182:18)
2025-10-02T15:26:15:     at Object.<anonymous> (/root/grandpro-hmso-new/backend/src/routes/owner-crm.routes.js:3:25)
2025-10-02T15:26:16: Error: No database connection string was provided to `neon()`. Perhaps an environment variable has not been set?
2025-10-02T15:26:16:     at neon (/root/grandpro-hmso-new/backend/node_modules/@neondatabase/serverless/index.js:1272:57)
2025-10-02T15:26:16:     at Object.<anonymous> (/root/grandpro-hmso-new/backend/src/services/owner-crm.service.js:5:13)
2025-10-02T15:26:16:     at Module._compile (node:internal/modules/cjs/loader:1521:14)
2025-10-02T15:26:16:     at Module._extensions..js (node:internal/modules/cjs/loader:1623:10)
2025-10-02T15:26:16:     at Module.load (node:internal/modules/cjs/loader:1266:32)
2025-10-02T15:26:16:     at Module._load (node:internal/modules/cjs/loader:1091:12)
2025-10-02T15:26:16:     at Module.require (node:internal/modules/cjs/loader:1289:19)
2025-10-02T15:26:16:     at Hook._require.Module.require (/usr/lib/node_modules/pm2/node_modules/require-in-the-middle/index.js:101:39)
2025-10-02T15:26:16:     at require (node:internal/modules/helpers:182:18)
2025-10-02T15:26:16:     at Object.<anonymous> (/root/grandpro-hmso-new/backend/src/routes/owner-crm.routes.js:3:25)
2025-10-02T15:26:16: Error: No database connection string was provided to `neon()`. Perhaps an environment variable has not been set?
2025-10-02T15:26:16:     at neon (/root/grandpro-hmso-new/backend/node_modules/@neondatabase/serverless/index.js:1272:57)
2025-10-02T15:26:16:     at Object.<anonymous> (/root/grandpro-hmso-new/backend/src/services/owner-crm.service.js:5:13)
2025-10-02T15:26:16:     at Module._compile (node:internal/modules/cjs/loader:1521:14)
2025-10-02T15:26:16:     at Module._extensions..js (node:internal/modules/cjs/loader:1623:10)
2025-10-02T15:26:16:     at Module.load (node:internal/modules/cjs/loader:1266:32)
2025-10-02T15:26:16:     at Module._load (node:internal/modules/cjs/loader:1091:12)
2025-10-02T15:26:16:     at Module.require (node:internal/modules/cjs/loader:1289:19)
2025-10-02T15:26:16:     at Hook._require.Module.require (/usr/lib/node_modules/pm2/node_modules/require-in-the-middle/index.js:101:39)
2025-10-02T15:26:16:     at require (node:internal/modules/helpers:182:18)
2025-10-02T15:26:16:     at Object.<anonymous> (/root/grandpro-hmso-new/backend/src/routes/owner-crm.routes.js:3:25)
2025-10-02T15:26:17: Error: No database connection string was provided to `neon()`. Perhaps an environment variable has not been set?
2025-10-02T15:26:17:     at neon (/root/grandpro-hmso-new/backend/node_modules/@neondatabase/serverless/index.js:1272:57)
2025-10-02T15:26:17:     at Object.<anonymous> (/root/grandpro-hmso-new/backend/src/services/owner-crm.service.js:5:13)
2025-10-02T15:26:17:     at Module._compile (node:internal/modules/cjs/loader:1521:14)
2025-10-02T15:26:17:     at Module._extensions..js (node:internal/modules/cjs/loader:1623:10)
2025-10-02T15:26:17:     at Module.load (node:internal/modules/cjs/loader:1266:32)
2025-10-02T15:26:17:     at Module._load (node:internal/modules/cjs/loader:1091:12)
2025-10-02T15:26:17:     at Module.require (node:internal/modules/cjs/loader:1289:19)
2025-10-02T15:26:17:     at Hook._require.Module.require (/usr/lib/node_modules/pm2/node_modules/require-in-the-middle/index.js:101:39)
2025-10-02T15:26:17:     at require (node:internal/modules/helpers:182:18)
2025-10-02T15:26:17:     at Object.<anonymous> (/root/grandpro-hmso-new/backend/src/routes/owner-crm.routes.js:3:25)
2025-10-02T15:26:18: Error: No database connection string was provided to `neon()`. Perhaps an environment variable has not been set?
2025-10-02T15:26:18:     at neon (/root/grandpro-hmso-new/backend/node_modules/@neondatabase/serverless/index.js:1272:57)
2025-10-02T15:26:18:     at Object.<anonymous> (/root/grandpro-hmso-new/backend/src/services/owner-crm.service.js:5:13)
2025-10-02T15:26:18:     at Module._compile (node:internal/modules/cjs/loader:1521:14)
2025-10-02T15:26:18:     at Module._extensions..js (node:internal/modules/cjs/loader:1623:10)
2025-10-02T15:26:18:     at Module.load (node:internal/modules/cjs/loader:1266:32)
2025-10-02T15:26:18:     at Module._load (node:internal/modules/cjs/loader:1091:12)
2025-10-02T15:26:18:     at Module.require (node:internal/modules/cjs/loader:1289:19)
2025-10-02T15:26:18:     at Hook._require.Module.require (/usr/lib/node_modules/pm2/node_modules/require-in-the-middle/index.js:101:39)
2025-10-02T15:26:18:     at require (node:internal/modules/helpers:182:18)
2025-10-02T15:26:18:     at Object.<anonymous> (/root/grandpro-hmso-new/backend/src/routes/owner-crm.routes.js:3:25)
2025-10-02T15:26:19: Error: No database connection string was provided to `neon()`. Perhaps an environment variable has not been set?
2025-10-02T15:26:19:     at neon (/root/grandpro-hmso-new/backend/node_modules/@neondatabase/serverless/index.js:1272:57)
2025-10-02T15:26:19:     at Object.<anonymous> (/root/grandpro-hmso-new/backend/src/services/owner-crm.service.js:5:13)
2025-10-02T15:26:19:     at Module._compile (node:internal/modules/cjs/loader:1521:14)
2025-10-02T15:26:19:     at Module._extensions..js (node:internal/modules/cjs/loader:1623:10)
2025-10-02T15:26:19:     at Module.load (node:internal/modules/cjs/loader:1266:32)
2025-10-02T15:26:19:     at Module._load (node:internal/modules/cjs/loader:1091:12)
2025-10-02T15:26:19:     at Module.require (node:internal/modules/cjs/loader:1289:19)
2025-10-02T15:26:19:     at Hook._require.Module.require (/usr/lib/node_modules/pm2/node_modules/require-in-the-middle/index.js:101:39)
2025-10-02T15:26:19:     at require (node:internal/modules/helpers:182:18)
2025-10-02T15:26:19:     at Object.<anonymous> (/root/grandpro-hmso-new/backend/src/routes/owner-crm.routes.js:3:25)
2025-10-02T15:26:20: Error: No database connection string was provided to `neon()`. Perhaps an environment variable has not been set?
2025-10-02T15:26:20:     at neon (/root/grandpro-hmso-new/backend/node_modules/@neondatabase/serverless/index.js:1272:57)
2025-10-02T15:26:20:     at Object.<anonymous> (/root/grandpro-hmso-new/backend/src/services/owner-crm.service.js:5:13)
2025-10-02T15:26:20:     at Module._compile (node:internal/modules/cjs/loader:1521:14)
2025-10-02T15:26:20:     at Module._extensions..js (node:internal/modules/cjs/loader:1623:10)
2025-10-02T15:26:20:     at Module.load (node:internal/modules/cjs/loader:1266:32)
2025-10-02T15:26:20:     at Module._load (node:internal/modules/cjs/loader:1091:12)
2025-10-02T15:26:20:     at Module.require (node:internal/modules/cjs/loader:1289:19)
2025-10-02T15:26:20:     at Hook._require.Module.require (/usr/lib/node_modules/pm2/node_modules/require-in-the-middle/index.js:101:39)
2025-10-02T15:26:20:     at require (node:internal/modules/helpers:182:18)
2025-10-02T15:26:20:     at Object.<anonymous> (/root/grandpro-hmso-new/backend/src/routes/owner-crm.routes.js:3:25)
2025-10-02T15:26:21: Error: No database connection string was provided to `neon()`. Perhaps an environment variable has not been set?
2025-10-02T15:26:21:     at neon (/root/grandpro-hmso-new/backend/node_modules/@neondatabase/serverless/index.js:1272:57)
2025-10-02T15:26:21:     at Object.<anonymous> (/root/grandpro-hmso-new/backend/src/services/owner-crm.service.js:5:13)
2025-10-02T15:26:21:     at Module._compile (node:internal/modules/cjs/loader:1521:14)
2025-10-02T15:26:21:     at Module._extensions..js (node:internal/modules/cjs/loader:1623:10)
2025-10-02T15:26:21:     at Module.load (node:internal/modules/cjs/loader:1266:32)
2025-10-02T15:26:21:     at Module._load (node:internal/modules/cjs/loader:1091:12)
2025-10-02T15:26:21:     at Module.require (node:internal/modules/cjs/loader:1289:19)
2025-10-02T15:26:21:     at Hook._require.Module.require (/usr/lib/node_modules/pm2/node_modules/require-in-the-middle/index.js:101:39)
2025-10-02T15:26:21:     at require (node:internal/modules/helpers:182:18)
2025-10-02T15:26:21:     at Object.<anonymous> (/root/grandpro-hmso-new/backend/src/routes/owner-crm.routes.js:3:25)
2025-10-02T15:26:22: Error: No database connection string was provided to `neon()`. Perhaps an environment variable has not been set?
2025-10-02T15:26:22:     at neon (/root/grandpro-hmso-new/backend/node_modules/@neondatabase/serverless/index.js:1272:57)
2025-10-02T15:26:22:     at Object.<anonymous> (/root/grandpro-hmso-new/backend/src/services/owner-crm.service.js:5:13)
2025-10-02T15:26:22:     at Module._compile (node:internal/modules/cjs/loader:1521:14)
2025-10-02T15:26:22:     at Module._extensions..js (node:internal/modules/cjs/loader:1623:10)
2025-10-02T15:26:22:     at Module.load (node:internal/modules/cjs/loader:1266:32)
2025-10-02T15:26:22:     at Module._load (node:internal/modules/cjs/loader:1091:12)
2025-10-02T15:26:22:     at Module.require (node:internal/modules/cjs/loader:1289:19)
2025-10-02T15:26:22:     at Hook._require.Module.require (/usr/lib/node_modules/pm2/node_modules/require-in-the-middle/index.js:101:39)
2025-10-02T15:26:22:     at require (node:internal/modules/helpers:182:18)
2025-10-02T15:26:22:     at Object.<anonymous> (/root/grandpro-hmso-new/backend/src/routes/owner-crm.routes.js:3:25)
2025-10-02T15:26:22: Error: No database connection string was provided to `neon()`. Perhaps an environment variable has not been set?
2025-10-02T15:26:22:     at neon (/root/grandpro-hmso-new/backend/node_modules/@neondatabase/serverless/index.js:1272:57)
2025-10-02T15:26:22:     at Object.<anonymous> (/root/grandpro-hmso-new/backend/src/services/owner-crm.service.js:5:13)
2025-10-02T15:26:22:     at Module._compile (node:internal/modules/cjs/loader:1521:14)
2025-10-02T15:26:22:     at Module._extensions..js (node:internal/modules/cjs/loader:1623:10)
2025-10-02T15:26:22:     at Module.load (node:internal/modules/cjs/loader:1266:32)
2025-10-02T15:26:22:     at Module._load (node:internal/modules/cjs/loader:1091:12)
2025-10-02T15:26:22:     at Module.require (node:internal/modules/cjs/loader:1289:19)
2025-10-02T15:26:22:     at Hook._require.Module.require (/usr/lib/node_modules/pm2/node_modules/require-in-the-middle/index.js:101:39)
2025-10-02T15:26:22:     at require (node:internal/modules/helpers:182:18)
2025-10-02T15:26:22:     at Object.<anonymous> (/root/grandpro-hmso-new/backend/src/routes/owner-crm.routes.js:3:25)
2025-10-02T15:26:23: Error: No database connection string was provided to `neon()`. Perhaps an environment variable has not been set?
2025-10-02T15:26:23:     at neon (/root/grandpro-hmso-new/backend/node_modules/@neondatabase/serverless/index.js:1272:57)
2025-10-02T15:26:23:     at Object.<anonymous> (/root/grandpro-hmso-new/backend/src/services/owner-crm.service.js:5:13)
2025-10-02T15:26:23:     at Module._compile (node:internal/modules/cjs/loader:1521:14)
2025-10-02T15:26:23:     at Module._extensions..js (node:internal/modules/cjs/loader:1623:10)
2025-10-02T15:26:23:     at Module.load (node:internal/modules/cjs/loader:1266:32)
2025-10-02T15:26:23:     at Module._load (node:internal/modules/cjs/loader:1091:12)
2025-10-02T15:26:23:     at Module.require (node:internal/modules/cjs/loader:1289:19)
2025-10-02T15:26:23:     at Hook._require.Module.require (/usr/lib/node_modules/pm2/node_modules/require-in-the-middle/index.js:101:39)
2025-10-02T15:26:23:     at require (node:internal/modules/helpers:182:18)
2025-10-02T15:26:23:     at Object.<anonymous> (/root/grandpro-hmso-new/backend/src/routes/owner-crm.routes.js:3:25)
2025-10-02T15:26:24: Error: No database connection string was provided to `neon()`. Perhaps an environment variable has not been set?
2025-10-02T15:26:24:     at neon (/root/grandpro-hmso-new/backend/node_modules/@neondatabase/serverless/index.js:1272:57)
2025-10-02T15:26:24:     at Object.<anonymous> (/root/grandpro-hmso-new/backend/src/services/owner-crm.service.js:5:13)
2025-10-02T15:26:24:     at Module._compile (node:internal/modules/cjs/loader:1521:14)
2025-10-02T15:26:24:     at Module._extensions..js (node:internal/modules/cjs/loader:1623:10)
2025-10-02T15:26:24:     at Module.load (node:internal/modules/cjs/loader:1266:32)
2025-10-02T15:26:24:     at Module._load (node:internal/modules/cjs/loader:1091:12)
2025-10-02T15:26:24:     at Module.require (node:internal/modules/cjs/loader:1289:19)
2025-10-02T15:26:24:     at Hook._require.Module.require (/usr/lib/node_modules/pm2/node_modules/require-in-the-middle/index.js:101:39)
2025-10-02T15:26:24:     at require (node:internal/modules/helpers:182:18)
2025-10-02T15:26:24:     at Object.<anonymous> (/root/grandpro-hmso-new/backend/src/routes/owner-crm.routes.js:3:25)
2025-10-02T15:26:25: Error: No database connection string was provided to `neon()`. Perhaps an environment variable has not been set?
2025-10-02T15:26:25:     at neon (/root/grandpro-hmso-new/backend/node_modules/@neondatabase/serverless/index.js:1272:57)
2025-10-02T15:26:25:     at Object.<anonymous> (/root/grandpro-hmso-new/backend/src/services/owner-crm.service.js:5:13)
2025-10-02T15:26:25:     at Module._compile (node:internal/modules/cjs/loader:1521:14)
2025-10-02T15:26:25:     at Module._extensions..js (node:internal/modules/cjs/loader:1623:10)
2025-10-02T15:26:25:     at Module.load (node:internal/modules/cjs/loader:1266:32)
2025-10-02T15:26:25:     at Module._load (node:internal/modules/cjs/loader:1091:12)
2025-10-02T15:26:25:     at Module.require (node:internal/modules/cjs/loader:1289:19)
2025-10-02T15:26:25:     at Hook._require.Module.require (/usr/lib/node_modules/pm2/node_modules/require-in-the-middle/index.js:101:39)
2025-10-02T15:26:25:     at require (node:internal/modules/helpers:182:18)
2025-10-02T15:26:25:     at Object.<anonymous> (/root/grandpro-hmso-new/backend/src/routes/owner-crm.routes.js:3:25)
2025-10-02T15:26:26: Error: No database connection string was provided to `neon()`. Perhaps an environment variable has not been set?
2025-10-02T15:26:26:     at neon (/root/grandpro-hmso-new/backend/node_modules/@neondatabase/serverless/index.js:1272:57)
2025-10-02T15:26:26:     at Object.<anonymous> (/root/grandpro-hmso-new/backend/src/services/owner-crm.service.js:5:13)
2025-10-02T15:26:26:     at Module._compile (node:internal/modules/cjs/loader:1521:14)
2025-10-02T15:26:26:     at Module._extensions..js (node:internal/modules/cjs/loader:1623:10)
2025-10-02T15:26:26:     at Module.load (node:internal/modules/cjs/loader:1266:32)
2025-10-02T15:26:26:     at Module._load (node:internal/modules/cjs/loader:1091:12)
2025-10-02T15:26:26:     at Module.require (node:internal/modules/cjs/loader:1289:19)
2025-10-02T15:26:26:     at Hook._require.Module.require (/usr/lib/node_modules/pm2/node_modules/require-in-the-middle/index.js:101:39)
2025-10-02T15:26:26:     at require (node:internal/modules/helpers:182:18)
2025-10-02T15:26:26:     at Object.<anonymous> (/root/grandpro-hmso-new/backend/src/routes/owner-crm.routes.js:3:25)
2025-10-02T15:26:26: Error: No database connection string was provided to `neon()`. Perhaps an environment variable has not been set?
2025-10-02T15:26:26:     at neon (/root/grandpro-hmso-new/backend/node_modules/@neondatabase/serverless/index.js:1272:57)
2025-10-02T15:26:26:     at Object.<anonymous> (/root/grandpro-hmso-new/backend/src/services/owner-crm.service.js:5:13)
2025-10-02T15:26:26:     at Module._compile (node:internal/modules/cjs/loader:1521:14)
2025-10-02T15:26:26:     at Module._extensions..js (node:internal/modules/cjs/loader:1623:10)
2025-10-02T15:26:26:     at Module.load (node:internal/modules/cjs/loader:1266:32)
2025-10-02T15:26:26:     at Module._load (node:internal/modules/cjs/loader:1091:12)
2025-10-02T15:26:26:     at Module.require (node:internal/modules/cjs/loader:1289:19)
2025-10-02T15:26:26:     at Hook._require.Module.require (/usr/lib/node_modules/pm2/node_modules/require-in-the-middle/index.js:101:39)
2025-10-02T15:26:26:     at require (node:internal/modules/helpers:182:18)
2025-10-02T15:26:26:     at Object.<anonymous> (/root/grandpro-hmso-new/backend/src/routes/owner-crm.routes.js:3:25)
2025-10-02T15:26:27: Error: No database connection string was provided to `neon()`. Perhaps an environment variable has not been set?
2025-10-02T15:26:27:     at neon (/root/grandpro-hmso-new/backend/node_modules/@neondatabase/serverless/index.js:1272:57)
2025-10-02T15:26:27:     at Object.<anonymous> (/root/grandpro-hmso-new/backend/src/services/owner-crm.service.js:5:13)
2025-10-02T15:26:27:     at Module._compile (node:internal/modules/cjs/loader:1521:14)
2025-10-02T15:26:27:     at Module._extensions..js (node:internal/modules/cjs/loader:1623:10)
2025-10-02T15:26:27:     at Module.load (node:internal/modules/cjs/loader:1266:32)
2025-10-02T15:26:27:     at Module._load (node:internal/modules/cjs/loader:1091:12)
2025-10-02T15:26:27:     at Module.require (node:internal/modules/cjs/loader:1289:19)
2025-10-02T15:26:27:     at Hook._require.Module.require (/usr/lib/node_modules/pm2/node_modules/require-in-the-middle/index.js:101:39)
2025-10-02T15:26:27:     at require (node:internal/modules/helpers:182:18)
2025-10-02T15:26:27:     at Object.<anonymous> (/root/grandpro-hmso-new/backend/src/routes/owner-crm.routes.js:3:25)
2025-10-02T15:26:28: Error: No database connection string was provided to `neon()`. Perhaps an environment variable has not been set?
2025-10-02T15:26:28:     at neon (/root/grandpro-hmso-new/backend/node_modules/@neondatabase/serverless/index.js:1272:57)
2025-10-02T15:26:28:     at Object.<anonymous> (/root/grandpro-hmso-new/backend/src/services/owner-crm.service.js:5:13)
2025-10-02T15:26:28:     at Module._compile (node:internal/modules/cjs/loader:1521:14)
2025-10-02T15:26:28:     at Module._extensions..js (node:internal/modules/cjs/loader:1623:10)
2025-10-02T15:26:28:     at Module.load (node:internal/modules/cjs/loader:1266:32)
2025-10-02T15:26:28:     at Module._load (node:internal/modules/cjs/loader:1091:12)
2025-10-02T15:26:28:     at Module.require (node:internal/modules/cjs/loader:1289:19)
2025-10-02T15:26:28:     at Hook._require.Module.require (/usr/lib/node_modules/pm2/node_modules/require-in-the-middle/index.js:101:39)
2025-10-02T15:26:28:     at require (node:internal/modules/helpers:182:18)
2025-10-02T15:26:28:     at Object.<anonymous> (/root/grandpro-hmso-new/backend/src/routes/owner-crm.routes.js:3:25)
2025-10-02T15:26:29: Error: No database connection string was provided to `neon()`. Perhaps an environment variable has not been set?
2025-10-02T15:26:29:     at neon (/root/grandpro-hmso-new/backend/node_modules/@neondatabase/serverless/index.js:1272:57)
2025-10-02T15:26:29:     at Object.<anonymous> (/root/grandpro-hmso-new/backend/src/services/owner-crm.service.js:5:13)
2025-10-02T15:26:29:     at Module._compile (node:internal/modules/cjs/loader:1521:14)
2025-10-02T15:26:29:     at Module._extensions..js (node:internal/modules/cjs/loader:1623:10)
2025-10-02T15:26:29:     at Module.load (node:internal/modules/cjs/loader:1266:32)
2025-10-02T15:26:29:     at Module._load (node:internal/modules/cjs/loader:1091:12)
2025-10-02T15:26:29:     at Module.require (node:internal/modules/cjs/loader:1289:19)
2025-10-02T15:26:29:     at Hook._require.Module.require (/usr/lib/node_modules/pm2/node_modules/require-in-the-middle/index.js:101:39)
2025-10-02T15:26:29:     at require (node:internal/modules/helpers:182:18)
2025-10-02T15:26:29:     at Object.<anonymous> (/root/grandpro-hmso-new/backend/src/routes/owner-crm.routes.js:3:25)
2025-10-02T15:26:30: Error: No database connection string was provided to `neon()`. Perhaps an environment variable has not been set?
2025-10-02T15:26:30:     at neon (/root/grandpro-hmso-new/backend/node_modules/@neondatabase/serverless/index.js:1272:57)
2025-10-02T15:26:30:     at Object.<anonymous> (/root/grandpro-hmso-new/backend/src/services/owner-crm.service.js:5:13)
2025-10-02T15:26:30:     at Module._compile (node:internal/modules/cjs/loader:1521:14)
2025-10-02T15:26:30:     at Module._extensions..js (node:internal/modules/cjs/loader:1623:10)
2025-10-02T15:26:30:     at Module.load (node:internal/modules/cjs/loader:1266:32)
2025-10-02T15:26:30:     at Module._load (node:internal/modules/cjs/loader:1091:12)
2025-10-02T15:26:30:     at Module.require (node:internal/modules/cjs/loader:1289:19)
2025-10-02T15:26:30:     at Hook._require.Module.require (/usr/lib/node_modules/pm2/node_modules/require-in-the-middle/index.js:101:39)
2025-10-02T15:26:30:     at require (node:internal/modules/helpers:182:18)
2025-10-02T15:26:30:     at Object.<anonymous> (/root/grandpro-hmso-new/backend/src/routes/owner-crm.routes.js:3:25)
2025-10-02T15:26:31: Error: No database connection string was provided to `neon()`. Perhaps an environment variable has not been set?
2025-10-02T15:26:31:     at neon (/root/grandpro-hmso-new/backend/node_modules/@neondatabase/serverless/index.js:1272:57)
2025-10-02T15:26:31:     at Object.<anonymous> (/root/grandpro-hmso-new/backend/src/services/owner-crm.service.js:5:13)
2025-10-02T15:26:31:     at Module._compile (node:internal/modules/cjs/loader:1521:14)
2025-10-02T15:26:31:     at Module._extensions..js (node:internal/modules/cjs/loader:1623:10)
2025-10-02T15:26:31:     at Module.load (node:internal/modules/cjs/loader:1266:32)
2025-10-02T15:26:31:     at Module._load (node:internal/modules/cjs/loader:1091:12)
2025-10-02T15:26:31:     at Module.require (node:internal/modules/cjs/loader:1289:19)
2025-10-02T15:26:31:     at Hook._require.Module.require (/usr/lib/node_modules/pm2/node_modules/require-in-the-middle/index.js:101:39)
2025-10-02T15:26:31:     at require (node:internal/modules/helpers:182:18)
2025-10-02T15:26:31:     at Object.<anonymous> (/root/grandpro-hmso-new/backend/src/routes/owner-crm.routes.js:3:25)
2025-10-02T15:26:32: Error: No database connection string was provided to `neon()`. Perhaps an environment variable has not been set?
2025-10-02T15:26:32:     at neon (/root/grandpro-hmso-new/backend/node_modules/@neondatabase/serverless/index.js:1272:57)
2025-10-02T15:26:32:     at Object.<anonymous> (/root/grandpro-hmso-new/backend/src/services/owner-crm.service.js:5:13)
2025-10-02T15:26:32:     at Module._compile (node:internal/modules/cjs/loader:1521:14)
2025-10-02T15:26:32:     at Module._extensions..js (node:internal/modules/cjs/loader:1623:10)
2025-10-02T15:26:32:     at Module.load (node:internal/modules/cjs/loader:1266:32)
2025-10-02T15:26:32:     at Module._load (node:internal/modules/cjs/loader:1091:12)
2025-10-02T15:26:32:     at Module.require (node:internal/modules/cjs/loader:1289:19)
2025-10-02T15:26:32:     at Hook._require.Module.require (/usr/lib/node_modules/pm2/node_modules/require-in-the-middle/index.js:101:39)
2025-10-02T15:26:32:     at require (node:internal/modules/helpers:182:18)
2025-10-02T15:26:32:     at Object.<anonymous> (/root/grandpro-hmso-new/backend/src/routes/owner-crm.routes.js:3:25)
2025-10-02T15:26:32: Error: No database connection string was provided to `neon()`. Perhaps an environment variable has not been set?
2025-10-02T15:26:32:     at neon (/root/grandpro-hmso-new/backend/node_modules/@neondatabase/serverless/index.js:1272:57)
2025-10-02T15:26:32:     at Object.<anonymous> (/root/grandpro-hmso-new/backend/src/services/owner-crm.service.js:5:13)
2025-10-02T15:26:32:     at Module._compile (node:internal/modules/cjs/loader:1521:14)
2025-10-02T15:26:32:     at Module._extensions..js (node:internal/modules/cjs/loader:1623:10)
2025-10-02T15:26:32:     at Module.load (node:internal/modules/cjs/loader:1266:32)
2025-10-02T15:26:32:     at Module._load (node:internal/modules/cjs/loader:1091:12)
2025-10-02T15:26:32:     at Module.require (node:internal/modules/cjs/loader:1289:19)
2025-10-02T15:26:32:     at Hook._require.Module.require (/usr/lib/node_modules/pm2/node_modules/require-in-the-middle/index.js:101:39)
2025-10-02T15:26:32:     at require (node:internal/modules/helpers:182:18)
2025-10-02T15:26:32:     at Object.<anonymous> (/root/grandpro-hmso-new/backend/src/routes/owner-crm.routes.js:3:25)
2025-10-02T15:26:33: Error: No database connection string was provided to `neon()`. Perhaps an environment variable has not been set?
2025-10-02T15:26:33:     at neon (/root/grandpro-hmso-new/backend/node_modules/@neondatabase/serverless/index.js:1272:57)
2025-10-02T15:26:33:     at Object.<anonymous> (/root/grandpro-hmso-new/backend/src/services/owner-crm.service.js:5:13)
2025-10-02T15:26:33:     at Module._compile (node:internal/modules/cjs/loader:1521:14)
2025-10-02T15:26:33:     at Module._extensions..js (node:internal/modules/cjs/loader:1623:10)
2025-10-02T15:26:33:     at Module.load (node:internal/modules/cjs/loader:1266:32)
2025-10-02T15:26:33:     at Module._load (node:internal/modules/cjs/loader:1091:12)
2025-10-02T15:26:33:     at Module.require (node:internal/modules/cjs/loader:1289:19)
2025-10-02T15:26:33:     at Hook._require.Module.require (/usr/lib/node_modules/pm2/node_modules/require-in-the-middle/index.js:101:39)
2025-10-02T15:26:33:     at require (node:internal/modules/helpers:182:18)
2025-10-02T15:26:33:     at Object.<anonymous> (/root/grandpro-hmso-new/backend/src/routes/owner-crm.routes.js:3:25)
2025-10-02T15:26:34: Error: No database connection string was provided to `neon()`. Perhaps an environment variable has not been set?
2025-10-02T15:26:34:     at neon (/root/grandpro-hmso-new/backend/node_modules/@neondatabase/serverless/index.js:1272:57)
2025-10-02T15:26:34:     at Object.<anonymous> (/root/grandpro-hmso-new/backend/src/services/owner-crm.service.js:5:13)
2025-10-02T15:26:34:     at Module._compile (node:internal/modules/cjs/loader:1521:14)
2025-10-02T15:26:34:     at Module._extensions..js (node:internal/modules/cjs/loader:1623:10)
2025-10-02T15:26:34:     at Module.load (node:internal/modules/cjs/loader:1266:32)
2025-10-02T15:26:34:     at Module._load (node:internal/modules/cjs/loader:1091:12)
2025-10-02T15:26:34:     at Module.require (node:internal/modules/cjs/loader:1289:19)
2025-10-02T15:26:34:     at Hook._require.Module.require (/usr/lib/node_modules/pm2/node_modules/require-in-the-middle/index.js:101:39)
2025-10-02T15:26:34:     at require (node:internal/modules/helpers:182:18)
2025-10-02T15:26:34:     at Object.<anonymous> (/root/grandpro-hmso-new/backend/src/routes/owner-crm.routes.js:3:25)
2025-10-02T15:26:35: Error: No database connection string was provided to `neon()`. Perhaps an environment variable has not been set?
2025-10-02T15:26:35:     at neon (/root/grandpro-hmso-new/backend/node_modules/@neondatabase/serverless/index.js:1272:57)
2025-10-02T15:26:35:     at Object.<anonymous> (/root/grandpro-hmso-new/backend/src/services/owner-crm.service.js:5:13)
2025-10-02T15:26:35:     at Module._compile (node:internal/modules/cjs/loader:1521:14)
2025-10-02T15:26:35:     at Module._extensions..js (node:internal/modules/cjs/loader:1623:10)
2025-10-02T15:26:35:     at Module.load (node:internal/modules/cjs/loader:1266:32)
2025-10-02T15:26:35:     at Module._load (node:internal/modules/cjs/loader:1091:12)
2025-10-02T15:26:35:     at Module.require (node:internal/modules/cjs/loader:1289:19)
2025-10-02T15:26:35:     at Hook._require.Module.require (/usr/lib/node_modules/pm2/node_modules/require-in-the-middle/index.js:101:39)
2025-10-02T15:26:35:     at require (node:internal/modules/helpers:182:18)
2025-10-02T15:26:35:     at Object.<anonymous> (/root/grandpro-hmso-new/backend/src/routes/owner-crm.routes.js:3:25)
2025-10-02T15:26:36: Error: No database connection string was provided to `neon()`. Perhaps an environment variable has not been set?
2025-10-02T15:26:36:     at neon (/root/grandpro-hmso-new/backend/node_modules/@neondatabase/serverless/index.js:1272:57)
2025-10-02T15:26:36:     at Object.<anonymous> (/root/grandpro-hmso-new/backend/src/services/owner-crm.service.js:5:13)
2025-10-02T15:26:36:     at Module._compile (node:internal/modules/cjs/loader:1521:14)
2025-10-02T15:26:36:     at Module._extensions..js (node:internal/modules/cjs/loader:1623:10)
2025-10-02T15:26:36:     at Module.load (node:internal/modules/cjs/loader:1266:32)
2025-10-02T15:26:36:     at Module._load (node:internal/modules/cjs/loader:1091:12)
2025-10-02T15:26:36:     at Module.require (node:internal/modules/cjs/loader:1289:19)
2025-10-02T15:26:36:     at Hook._require.Module.require (/usr/lib/node_modules/pm2/node_modules/require-in-the-middle/index.js:101:39)
2025-10-02T15:26:36:     at require (node:internal/modules/helpers:182:18)
2025-10-02T15:26:36:     at Object.<anonymous> (/root/grandpro-hmso-new/backend/src/routes/owner-crm.routes.js:3:25)
2025-10-02T15:26:36: Error: No database connection string was provided to `neon()`. Perhaps an environment variable has not been set?
2025-10-02T15:26:36:     at neon (/root/grandpro-hmso-new/backend/node_modules/@neondatabase/serverless/index.js:1272:57)
2025-10-02T15:26:36:     at Object.<anonymous> (/root/grandpro-hmso-new/backend/src/services/owner-crm.service.js:5:13)
2025-10-02T15:26:36:     at Module._compile (node:internal/modules/cjs/loader:1521:14)
2025-10-02T15:26:36:     at Module._extensions..js (node:internal/modules/cjs/loader:1623:10)
2025-10-02T15:26:36:     at Module.load (node:internal/modules/cjs/loader:1266:32)
2025-10-02T15:26:36:     at Module._load (node:internal/modules/cjs/loader:1091:12)
2025-10-02T15:26:36:     at Module.require (node:internal/modules/cjs/loader:1289:19)
2025-10-02T15:26:36:     at Hook._require.Module.require (/usr/lib/node_modules/pm2/node_modules/require-in-the-middle/index.js:101:39)
2025-10-02T15:26:36:     at require (node:internal/modules/helpers:182:18)
2025-10-02T15:26:36:     at Object.<anonymous> (/root/grandpro-hmso-new/backend/src/routes/owner-crm.routes.js:3:25)
2025-10-02T15:26:37: Error: No database connection string was provided to `neon()`. Perhaps an environment variable has not been set?
2025-10-02T15:26:37:     at neon (/root/grandpro-hmso-new/backend/node_modules/@neondatabase/serverless/index.js:1272:57)
2025-10-02T15:26:37:     at Object.<anonymous> (/root/grandpro-hmso-new/backend/src/services/owner-crm.service.js:5:13)
2025-10-02T15:26:37:     at Module._compile (node:internal/modules/cjs/loader:1521:14)
2025-10-02T15:26:37:     at Module._extensions..js (node:internal/modules/cjs/loader:1623:10)
2025-10-02T15:26:37:     at Module.load (node:internal/modules/cjs/loader:1266:32)
2025-10-02T15:26:37:     at Module._load (node:internal/modules/cjs/loader:1091:12)
2025-10-02T15:26:37:     at Module.require (node:internal/modules/cjs/loader:1289:19)
2025-10-02T15:26:37:     at Hook._require.Module.require (/usr/lib/node_modules/pm2/node_modules/require-in-the-middle/index.js:101:39)
2025-10-02T15:26:37:     at require (node:internal/modules/helpers:182:18)
2025-10-02T15:26:37:     at Object.<anonymous> (/root/grandpro-hmso-new/backend/src/routes/owner-crm.routes.js:3:25)
2025-10-02T15:26:38: Error: No database connection string was provided to `neon()`. Perhaps an environment variable has not been set?
2025-10-02T15:26:38:     at neon (/root/grandpro-hmso-new/backend/node_modules/@neondatabase/serverless/index.js:1272:57)
2025-10-02T15:26:38:     at Object.<anonymous> (/root/grandpro-hmso-new/backend/src/services/owner-crm.service.js:5:13)
2025-10-02T15:26:38:     at Module._compile (node:internal/modules/cjs/loader:1521:14)
2025-10-02T15:26:38:     at Module._extensions..js (node:internal/modules/cjs/loader:1623:10)
2025-10-02T15:26:38:     at Module.load (node:internal/modules/cjs/loader:1266:32)
2025-10-02T15:26:38:     at Module._load (node:internal/modules/cjs/loader:1091:12)
2025-10-02T15:26:38:     at Module.require (node:internal/modules/cjs/loader:1289:19)
2025-10-02T15:26:38:     at Hook._require.Module.require (/usr/lib/node_modules/pm2/node_modules/require-in-the-middle/index.js:101:39)
2025-10-02T15:26:38:     at require (node:internal/modules/helpers:182:18)
2025-10-02T15:26:38:     at Object.<anonymous> (/root/grandpro-hmso-new/backend/src/routes/owner-crm.routes.js:3:25)
2025-10-02T15:26:39: Error: No database connection string was provided to `neon()`. Perhaps an environment variable has not been set?
2025-10-02T15:26:39:     at neon (/root/grandpro-hmso-new/backend/node_modules/@neondatabase/serverless/index.js:1272:57)
2025-10-02T15:26:39:     at Object.<anonymous> (/root/grandpro-hmso-new/backend/src/services/owner-crm.service.js:5:13)
2025-10-02T15:26:39:     at Module._compile (node:internal/modules/cjs/loader:1521:14)
2025-10-02T15:26:39:     at Module._extensions..js (node:internal/modules/cjs/loader:1623:10)
2025-10-02T15:26:39:     at Module.load (node:internal/modules/cjs/loader:1266:32)
2025-10-02T15:26:39:     at Module._load (node:internal/modules/cjs/loader:1091:12)
2025-10-02T15:26:39:     at Module.require (node:internal/modules/cjs/loader:1289:19)
2025-10-02T15:26:39:     at Hook._require.Module.require (/usr/lib/node_modules/pm2/node_modules/require-in-the-middle/index.js:101:39)
2025-10-02T15:26:39:     at require (node:internal/modules/helpers:182:18)
2025-10-02T15:26:39:     at Object.<anonymous> (/root/grandpro-hmso-new/backend/src/routes/owner-crm.routes.js:3:25)
2025-10-02T15:26:40: Error: No database connection string was provided to `neon()`. Perhaps an environment variable has not been set?
2025-10-02T15:26:40:     at neon (/root/grandpro-hmso-new/backend/node_modules/@neondatabase/serverless/index.js:1272:57)
2025-10-02T15:26:40:     at Object.<anonymous> (/root/grandpro-hmso-new/backend/src/services/owner-crm.service.js:5:13)
2025-10-02T15:26:40:     at Module._compile (node:internal/modules/cjs/loader:1521:14)
2025-10-02T15:26:40:     at Module._extensions..js (node:internal/modules/cjs/loader:1623:10)
2025-10-02T15:26:40:     at Module.load (node:internal/modules/cjs/loader:1266:32)
2025-10-02T15:26:40:     at Module._load (node:internal/modules/cjs/loader:1091:12)
2025-10-02T15:26:40:     at Module.require (node:internal/modules/cjs/loader:1289:19)
2025-10-02T15:26:40:     at Hook._require.Module.require (/usr/lib/node_modules/pm2/node_modules/require-in-the-middle/index.js:101:39)
2025-10-02T15:26:40:     at require (node:internal/modules/helpers:182:18)
2025-10-02T15:26:40:     at Object.<anonymous> (/root/grandpro-hmso-new/backend/src/routes/owner-crm.routes.js:3:25)
2025-10-02T15:26:40: Error: No database connection string was provided to `neon()`. Perhaps an environment variable has not been set?
2025-10-02T15:26:40:     at neon (/root/grandpro-hmso-new/backend/node_modules/@neondatabase/serverless/index.js:1272:57)
2025-10-02T15:26:40:     at Object.<anonymous> (/root/grandpro-hmso-new/backend/src/services/owner-crm.service.js:5:13)
2025-10-02T15:26:40:     at Module._compile (node:internal/modules/cjs/loader:1521:14)
2025-10-02T15:26:40:     at Module._extensions..js (node:internal/modules/cjs/loader:1623:10)
2025-10-02T15:26:40:     at Module.load (node:internal/modules/cjs/loader:1266:32)
2025-10-02T15:26:40:     at Module._load (node:internal/modules/cjs/loader:1091:12)
2025-10-02T15:26:40:     at Module.require (node:internal/modules/cjs/loader:1289:19)
2025-10-02T15:26:40:     at Hook._require.Module.require (/usr/lib/node_modules/pm2/node_modules/require-in-the-middle/index.js:101:39)
2025-10-02T15:26:40:     at require (node:internal/modules/helpers:182:18)
2025-10-02T15:26:40:     at Object.<anonymous> (/root/grandpro-hmso-new/backend/src/routes/owner-crm.routes.js:3:25)
2025-10-02T15:26:41: Error: No database connection string was provided to `neon()`. Perhaps an environment variable has not been set?
2025-10-02T15:26:41:     at neon (/root/grandpro-hmso-new/backend/node_modules/@neondatabase/serverless/index.js:1272:57)
2025-10-02T15:26:41:     at Object.<anonymous> (/root/grandpro-hmso-new/backend/src/services/owner-crm.service.js:5:13)
2025-10-02T15:26:41:     at Module._compile (node:internal/modules/cjs/loader:1521:14)
2025-10-02T15:26:41:     at Module._extensions..js (node:internal/modules/cjs/loader:1623:10)
2025-10-02T15:26:41:     at Module.load (node:internal/modules/cjs/loader:1266:32)
2025-10-02T15:26:41:     at Module._load (node:internal/modules/cjs/loader:1091:12)
2025-10-02T15:26:41:     at Module.require (node:internal/modules/cjs/loader:1289:19)
2025-10-02T15:26:41:     at Hook._require.Module.require (/usr/lib/node_modules/pm2/node_modules/require-in-the-middle/index.js:101:39)
2025-10-02T15:26:41:     at require (node:internal/modules/helpers:182:18)
2025-10-02T15:26:41:     at Object.<anonymous> (/root/grandpro-hmso-new/backend/src/routes/owner-crm.routes.js:3:25)
2025-10-02T15:26:42: Error: No database connection string was provided to `neon()`. Perhaps an environment variable has not been set?
2025-10-02T15:26:42:     at neon (/root/grandpro-hmso-new/backend/node_modules/@neondatabase/serverless/index.js:1272:57)
2025-10-02T15:26:42:     at Object.<anonymous> (/root/grandpro-hmso-new/backend/src/services/owner-crm.service.js:5:13)
2025-10-02T15:26:42:     at Module._compile (node:internal/modules/cjs/loader:1521:14)
2025-10-02T15:26:42:     at Module._extensions..js (node:internal/modules/cjs/loader:1623:10)
2025-10-02T15:26:42:     at Module.load (node:internal/modules/cjs/loader:1266:32)
2025-10-02T15:26:42:     at Module._load (node:internal/modules/cjs/loader:1091:12)
2025-10-02T15:26:42:     at Module.require (node:internal/modules/cjs/loader:1289:19)
2025-10-02T15:26:42:     at Hook._require.Module.require (/usr/lib/node_modules/pm2/node_modules/require-in-the-middle/index.js:101:39)
2025-10-02T15:26:42:     at require (node:internal/modules/helpers:182:18)
2025-10-02T15:26:42:     at Object.<anonymous> (/root/grandpro-hmso-new/backend/src/routes/owner-crm.routes.js:3:25)
2025-10-02T15:26:43: Error: No database connection string was provided to `neon()`. Perhaps an environment variable has not been set?
2025-10-02T15:26:43:     at neon (/root/grandpro-hmso-new/backend/node_modules/@neondatabase/serverless/index.js:1272:57)
2025-10-02T15:26:43:     at Object.<anonymous> (/root/grandpro-hmso-new/backend/src/services/owner-crm.service.js:5:13)
2025-10-02T15:26:43:     at Module._compile (node:internal/modules/cjs/loader:1521:14)
2025-10-02T15:26:43:     at Module._extensions..js (node:internal/modules/cjs/loader:1623:10)
2025-10-02T15:26:43:     at Module.load (node:internal/modules/cjs/loader:1266:32)
2025-10-02T15:26:43:     at Module._load (node:internal/modules/cjs/loader:1091:12)
2025-10-02T15:26:43:     at Module.require (node:internal/modules/cjs/loader:1289:19)
2025-10-02T15:26:43:     at Hook._require.Module.require (/usr/lib/node_modules/pm2/node_modules/require-in-the-middle/index.js:101:39)
2025-10-02T15:26:43:     at require (node:internal/modules/helpers:182:18)
2025-10-02T15:26:43:     at Object.<anonymous> (/root/grandpro-hmso-new/backend/src/routes/owner-crm.routes.js:3:25)
2025-10-02T15:26:43: Error: No database connection string was provided to `neon()`. Perhaps an environment variable has not been set?
2025-10-02T15:26:43:     at neon (/root/grandpro-hmso-new/backend/node_modules/@neondatabase/serverless/index.js:1272:57)
2025-10-02T15:26:43:     at Object.<anonymous> (/root/grandpro-hmso-new/backend/src/services/owner-crm.service.js:5:13)
2025-10-02T15:26:43:     at Module._compile (node:internal/modules/cjs/loader:1521:14)
2025-10-02T15:26:43:     at Module._extensions..js (node:internal/modules/cjs/loader:1623:10)
2025-10-02T15:26:43:     at Module.load (node:internal/modules/cjs/loader:1266:32)
2025-10-02T15:26:43:     at Module._load (node:internal/modules/cjs/loader:1091:12)
2025-10-02T15:26:43:     at Module.require (node:internal/modules/cjs/loader:1289:19)
2025-10-02T15:26:43:     at Hook._require.Module.require (/usr/lib/node_modules/pm2/node_modules/require-in-the-middle/index.js:101:39)
2025-10-02T15:26:43:     at require (node:internal/modules/helpers:182:18)
2025-10-02T15:26:43:     at Object.<anonymous> (/root/grandpro-hmso-new/backend/src/routes/owner-crm.routes.js:3:25)
2025-10-02T15:26:44: Error: No database connection string was provided to `neon()`. Perhaps an environment variable has not been set?
2025-10-02T15:26:44:     at neon (/root/grandpro-hmso-new/backend/node_modules/@neondatabase/serverless/index.js:1272:57)
2025-10-02T15:26:44:     at Object.<anonymous> (/root/grandpro-hmso-new/backend/src/services/owner-crm.service.js:5:13)
2025-10-02T15:26:44:     at Module._compile (node:internal/modules/cjs/loader:1521:14)
2025-10-02T15:26:44:     at Module._extensions..js (node:internal/modules/cjs/loader:1623:10)
2025-10-02T15:26:44:     at Module.load (node:internal/modules/cjs/loader:1266:32)
2025-10-02T15:26:44:     at Module._load (node:internal/modules/cjs/loader:1091:12)
2025-10-02T15:26:44:     at Module.require (node:internal/modules/cjs/loader:1289:19)
2025-10-02T15:26:44:     at Hook._require.Module.require (/usr/lib/node_modules/pm2/node_modules/require-in-the-middle/index.js:101:39)
2025-10-02T15:26:44:     at require (node:internal/modules/helpers:182:18)
2025-10-02T15:26:44:     at Object.<anonymous> (/root/grandpro-hmso-new/backend/src/routes/owner-crm.routes.js:3:25)
2025-10-02T15:26:45: Error: No database connection string was provided to `neon()`. Perhaps an environment variable has not been set?
2025-10-02T15:26:45:     at neon (/root/grandpro-hmso-new/backend/node_modules/@neondatabase/serverless/index.js:1272:57)
2025-10-02T15:26:45:     at Object.<anonymous> (/root/grandpro-hmso-new/backend/src/services/owner-crm.service.js:5:13)
2025-10-02T15:26:45:     at Module._compile (node:internal/modules/cjs/loader:1521:14)
2025-10-02T15:26:45:     at Module._extensions..js (node:internal/modules/cjs/loader:1623:10)
2025-10-02T15:26:45:     at Module.load (node:internal/modules/cjs/loader:1266:32)
2025-10-02T15:26:45:     at Module._load (node:internal/modules/cjs/loader:1091:12)
2025-10-02T15:26:45:     at Module.require (node:internal/modules/cjs/loader:1289:19)
2025-10-02T15:26:45:     at Hook._require.Module.require (/usr/lib/node_modules/pm2/node_modules/require-in-the-middle/index.js:101:39)
2025-10-02T15:26:45:     at require (node:internal/modules/helpers:182:18)
2025-10-02T15:26:45:     at Object.<anonymous> (/root/grandpro-hmso-new/backend/src/routes/owner-crm.routes.js:3:25)
2025-10-02T15:26:46: Error: No database connection string was provided to `neon()`. Perhaps an environment variable has not been set?
2025-10-02T15:26:46:     at neon (/root/grandpro-hmso-new/backend/node_modules/@neondatabase/serverless/index.js:1272:57)
2025-10-02T15:26:46:     at Object.<anonymous> (/root/grandpro-hmso-new/backend/src/services/owner-crm.service.js:5:13)
2025-10-02T15:26:46:     at Module._compile (node:internal/modules/cjs/loader:1521:14)
2025-10-02T15:26:46:     at Module._extensions..js (node:internal/modules/cjs/loader:1623:10)
2025-10-02T15:26:46:     at Module.load (node:internal/modules/cjs/loader:1266:32)
2025-10-02T15:26:46:     at Module._load (node:internal/modules/cjs/loader:1091:12)
2025-10-02T15:26:46:     at Module.require (node:internal/modules/cjs/loader:1289:19)
2025-10-02T15:26:46:     at Hook._require.Module.require (/usr/lib/node_modules/pm2/node_modules/require-in-the-middle/index.js:101:39)
2025-10-02T15:26:46:     at require (node:internal/modules/helpers:182:18)
2025-10-02T15:26:46:     at Object.<anonymous> (/root/grandpro-hmso-new/backend/src/routes/owner-crm.routes.js:3:25)
2025-10-02T15:26:46: Error: No database connection string was provided to `neon()`. Perhaps an environment variable has not been set?
2025-10-02T15:26:46:     at neon (/root/grandpro-hmso-new/backend/node_modules/@neondatabase/serverless/index.js:1272:57)
2025-10-02T15:26:46:     at Object.<anonymous> (/root/grandpro-hmso-new/backend/src/services/owner-crm.service.js:5:13)
2025-10-02T15:26:46:     at Module._compile (node:internal/modules/cjs/loader:1521:14)
2025-10-02T15:26:46:     at Module._extensions..js (node:internal/modules/cjs/loader:1623:10)
2025-10-02T15:26:46:     at Module.load (node:internal/modules/cjs/loader:1266:32)
2025-10-02T15:26:46:     at Module._load (node:internal/modules/cjs/loader:1091:12)
2025-10-02T15:26:46:     at Module.require (node:internal/modules/cjs/loader:1289:19)
2025-10-02T15:26:46:     at Hook._require.Module.require (/usr/lib/node_modules/pm2/node_modules/require-in-the-middle/index.js:101:39)
2025-10-02T15:26:46:     at require (node:internal/modules/helpers:182:18)
2025-10-02T15:26:46:     at Object.<anonymous> (/root/grandpro-hmso-new/backend/src/routes/owner-crm.routes.js:3:25)
2025-10-02T15:26:47: Error: No database connection string was provided to `neon()`. Perhaps an environment variable has not been set?
2025-10-02T15:26:47:     at neon (/root/grandpro-hmso-new/backend/node_modules/@neondatabase/serverless/index.js:1272:57)
2025-10-02T15:26:47:     at Object.<anonymous> (/root/grandpro-hmso-new/backend/src/services/owner-crm.service.js:5:13)
2025-10-02T15:26:47:     at Module._compile (node:internal/modules/cjs/loader:1521:14)
2025-10-02T15:26:47:     at Module._extensions..js (node:internal/modules/cjs/loader:1623:10)
2025-10-02T15:26:47:     at Module.load (node:internal/modules/cjs/loader:1266:32)
2025-10-02T15:26:47:     at Module._load (node:internal/modules/cjs/loader:1091:12)
2025-10-02T15:26:47:     at Module.require (node:internal/modules/cjs/loader:1289:19)
2025-10-02T15:26:47:     at Hook._require.Module.require (/usr/lib/node_modules/pm2/node_modules/require-in-the-middle/index.js:101:39)
2025-10-02T15:26:47:     at require (node:internal/modules/helpers:182:18)
2025-10-02T15:26:47:     at Object.<anonymous> (/root/grandpro-hmso-new/backend/src/routes/owner-crm.routes.js:3:25)
2025-10-02T15:26:48: Error: No database connection string was provided to `neon()`. Perhaps an environment variable has not been set?
2025-10-02T15:26:48:     at neon (/root/grandpro-hmso-new/backend/node_modules/@neondatabase/serverless/index.js:1272:57)
2025-10-02T15:26:48:     at Object.<anonymous> (/root/grandpro-hmso-new/backend/src/services/owner-crm.service.js:5:13)
2025-10-02T15:26:48:     at Module._compile (node:internal/modules/cjs/loader:1521:14)
2025-10-02T15:26:48:     at Module._extensions..js (node:internal/modules/cjs/loader:1623:10)
2025-10-02T15:26:48:     at Module.load (node:internal/modules/cjs/loader:1266:32)
2025-10-02T15:26:48:     at Module._load (node:internal/modules/cjs/loader:1091:12)
2025-10-02T15:26:48:     at Module.require (node:internal/modules/cjs/loader:1289:19)
2025-10-02T15:26:48:     at Hook._require.Module.require (/usr/lib/node_modules/pm2/node_modules/require-in-the-middle/index.js:101:39)
2025-10-02T15:26:48:     at require (node:internal/modules/helpers:182:18)
2025-10-02T15:26:48:     at Object.<anonymous> (/root/grandpro-hmso-new/backend/src/routes/owner-crm.routes.js:3:25)
2025-10-02T15:26:49: Error: No database connection string was provided to `neon()`. Perhaps an environment variable has not been set?
2025-10-02T15:26:49:     at neon (/root/grandpro-hmso-new/backend/node_modules/@neondatabase/serverless/index.js:1272:57)
2025-10-02T15:26:49:     at Object.<anonymous> (/root/grandpro-hmso-new/backend/src/services/owner-crm.service.js:5:13)
2025-10-02T15:26:49:     at Module._compile (node:internal/modules/cjs/loader:1521:14)
2025-10-02T15:26:49:     at Module._extensions..js (node:internal/modules/cjs/loader:1623:10)
2025-10-02T15:26:49:     at Module.load (node:internal/modules/cjs/loader:1266:32)
2025-10-02T15:26:49:     at Module._load (node:internal/modules/cjs/loader:1091:12)
2025-10-02T15:26:49:     at Module.require (node:internal/modules/cjs/loader:1289:19)
2025-10-02T15:26:49:     at Hook._require.Module.require (/usr/lib/node_modules/pm2/node_modules/require-in-the-middle/index.js:101:39)
2025-10-02T15:26:49:     at require (node:internal/modules/helpers:182:18)
2025-10-02T15:26:49:     at Object.<anonymous> (/root/grandpro-hmso-new/backend/src/routes/owner-crm.routes.js:3:25)
2025-10-02T15:26:49: Error: No database connection string was provided to `neon()`. Perhaps an environment variable has not been set?
2025-10-02T15:26:49:     at neon (/root/grandpro-hmso-new/backend/node_modules/@neondatabase/serverless/index.js:1272:57)
2025-10-02T15:26:49:     at Object.<anonymous> (/root/grandpro-hmso-new/backend/src/services/owner-crm.service.js:5:13)
2025-10-02T15:26:49:     at Module._compile (node:internal/modules/cjs/loader:1521:14)
2025-10-02T15:26:49:     at Module._extensions..js (node:internal/modules/cjs/loader:1623:10)
2025-10-02T15:26:49:     at Module.load (node:internal/modules/cjs/loader:1266:32)
2025-10-02T15:26:49:     at Module._load (node:internal/modules/cjs/loader:1091:12)
2025-10-02T15:26:49:     at Module.require (node:internal/modules/cjs/loader:1289:19)
2025-10-02T15:26:49:     at Hook._require.Module.require (/usr/lib/node_modules/pm2/node_modules/require-in-the-middle/index.js:101:39)
2025-10-02T15:26:49:     at require (node:internal/modules/helpers:182:18)
2025-10-02T15:26:49:     at Object.<anonymous> (/root/grandpro-hmso-new/backend/src/routes/owner-crm.routes.js:3:25)
2025-10-02T15:26:50: Error: No database connection string was provided to `neon()`. Perhaps an environment variable has not been set?
2025-10-02T15:26:50:     at neon (/root/grandpro-hmso-new/backend/node_modules/@neondatabase/serverless/index.js:1272:57)
2025-10-02T15:26:50:     at Object.<anonymous> (/root/grandpro-hmso-new/backend/src/services/owner-crm.service.js:5:13)
2025-10-02T15:26:50:     at Module._compile (node:internal/modules/cjs/loader:1521:14)
2025-10-02T15:26:50:     at Module._extensions..js (node:internal/modules/cjs/loader:1623:10)
2025-10-02T15:26:50:     at Module.load (node:internal/modules/cjs/loader:1266:32)
2025-10-02T15:26:50:     at Module._load (node:internal/modules/cjs/loader:1091:12)
2025-10-02T15:26:50:     at Module.require (node:internal/modules/cjs/loader:1289:19)
2025-10-02T15:26:50:     at Hook._require.Module.require (/usr/lib/node_modules/pm2/node_modules/require-in-the-middle/index.js:101:39)
2025-10-02T15:26:50:     at require (node:internal/modules/helpers:182:18)
2025-10-02T15:26:50:     at Object.<anonymous> (/root/grandpro-hmso-new/backend/src/routes/owner-crm.routes.js:3:25)
2025-10-02T15:26:51: Error: No database connection string was provided to `neon()`. Perhaps an environment variable has not been set?
2025-10-02T15:26:51:     at neon (/root/grandpro-hmso-new/backend/node_modules/@neondatabase/serverless/index.js:1272:57)
2025-10-02T15:26:51:     at Object.<anonymous> (/root/grandpro-hmso-new/backend/src/services/owner-crm.service.js:5:13)
2025-10-02T15:26:51:     at Module._compile (node:internal/modules/cjs/loader:1521:14)
2025-10-02T15:26:51:     at Module._extensions..js (node:internal/modules/cjs/loader:1623:10)
2025-10-02T15:26:51:     at Module.load (node:internal/modules/cjs/loader:1266:32)
2025-10-02T15:26:51:     at Module._load (node:internal/modules/cjs/loader:1091:12)
2025-10-02T15:26:51:     at Module.require (node:internal/modules/cjs/loader:1289:19)
2025-10-02T15:26:51:     at Hook._require.Module.require (/usr/lib/node_modules/pm2/node_modules/require-in-the-middle/index.js:101:39)
2025-10-02T15:26:51:     at require (node:internal/modules/helpers:182:18)
2025-10-02T15:26:51:     at Object.<anonymous> (/root/grandpro-hmso-new/backend/src/routes/owner-crm.routes.js:3:25)
2025-10-02T15:26:52: Error: No database connection string was provided to `neon()`. Perhaps an environment variable has not been set?
2025-10-02T15:26:52:     at neon (/root/grandpro-hmso-new/backend/node_modules/@neondatabase/serverless/index.js:1272:57)
2025-10-02T15:26:52:     at Object.<anonymous> (/root/grandpro-hmso-new/backend/src/services/owner-crm.service.js:5:13)
2025-10-02T15:26:52:     at Module._compile (node:internal/modules/cjs/loader:1521:14)
2025-10-02T15:26:52:     at Module._extensions..js (node:internal/modules/cjs/loader:1623:10)
2025-10-02T15:26:52:     at Module.load (node:internal/modules/cjs/loader:1266:32)
2025-10-02T15:26:52:     at Module._load (node:internal/modules/cjs/loader:1091:12)
2025-10-02T15:26:52:     at Module.require (node:internal/modules/cjs/loader:1289:19)
2025-10-02T15:26:52:     at Hook._require.Module.require (/usr/lib/node_modules/pm2/node_modules/require-in-the-middle/index.js:101:39)
2025-10-02T15:26:52:     at require (node:internal/modules/helpers:182:18)
2025-10-02T15:26:52:     at Object.<anonymous> (/root/grandpro-hmso-new/backend/src/routes/owner-crm.routes.js:3:25)
2025-10-02T15:26:53: Error: No database connection string was provided to `neon()`. Perhaps an environment variable has not been set?
2025-10-02T15:26:53:     at neon (/root/grandpro-hmso-new/backend/node_modules/@neondatabase/serverless/index.js:1272:57)
2025-10-02T15:26:53:     at Object.<anonymous> (/root/grandpro-hmso-new/backend/src/services/owner-crm.service.js:5:13)
2025-10-02T15:26:53:     at Module._compile (node:internal/modules/cjs/loader:1521:14)
2025-10-02T15:26:53:     at Module._extensions..js (node:internal/modules/cjs/loader:1623:10)
2025-10-02T15:26:53:     at Module.load (node:internal/modules/cjs/loader:1266:32)
2025-10-02T15:26:53:     at Module._load (node:internal/modules/cjs/loader:1091:12)
2025-10-02T15:26:53:     at Module.require (node:internal/modules/cjs/loader:1289:19)
2025-10-02T15:26:53:     at Hook._require.Module.require (/usr/lib/node_modules/pm2/node_modules/require-in-the-middle/index.js:101:39)
2025-10-02T15:26:53:     at require (node:internal/modules/helpers:182:18)
2025-10-02T15:26:53:     at Object.<anonymous> (/root/grandpro-hmso-new/backend/src/routes/owner-crm.routes.js:3:25)
2025-10-02T15:26:53: Error: No database connection string was provided to `neon()`. Perhaps an environment variable has not been set?
2025-10-02T15:26:53:     at neon (/root/grandpro-hmso-new/backend/node_modules/@neondatabase/serverless/index.js:1272:57)
2025-10-02T15:26:53:     at Object.<anonymous> (/root/grandpro-hmso-new/backend/src/services/owner-crm.service.js:5:13)
2025-10-02T15:26:53:     at Module._compile (node:internal/modules/cjs/loader:1521:14)
2025-10-02T15:26:53:     at Module._extensions..js (node:internal/modules/cjs/loader:1623:10)
2025-10-02T15:26:53:     at Module.load (node:internal/modules/cjs/loader:1266:32)
2025-10-02T15:26:53:     at Module._load (node:internal/modules/cjs/loader:1091:12)
2025-10-02T15:26:53:     at Module.require (node:internal/modules/cjs/loader:1289:19)
2025-10-02T15:26:53:     at Hook._require.Module.require (/usr/lib/node_modules/pm2/node_modules/require-in-the-middle/index.js:101:39)
2025-10-02T15:26:53:     at require (node:internal/modules/helpers:182:18)
2025-10-02T15:26:53:     at Object.<anonymous> (/root/grandpro-hmso-new/backend/src/routes/owner-crm.routes.js:3:25)
2025-10-02T15:26:54: Error: No database connection string was provided to `neon()`. Perhaps an environment variable has not been set?
2025-10-02T15:26:54:     at neon (/root/grandpro-hmso-new/backend/node_modules/@neondatabase/serverless/index.js:1272:57)
2025-10-02T15:26:54:     at Object.<anonymous> (/root/grandpro-hmso-new/backend/src/services/owner-crm.service.js:5:13)
2025-10-02T15:26:54:     at Module._compile (node:internal/modules/cjs/loader:1521:14)
2025-10-02T15:26:54:     at Module._extensions..js (node:internal/modules/cjs/loader:1623:10)
2025-10-02T15:26:54:     at Module.load (node:internal/modules/cjs/loader:1266:32)
2025-10-02T15:26:54:     at Module._load (node:internal/modules/cjs/loader:1091:12)
2025-10-02T15:26:54:     at Module.require (node:internal/modules/cjs/loader:1289:19)
2025-10-02T15:26:54:     at Hook._require.Module.require (/usr/lib/node_modules/pm2/node_modules/require-in-the-middle/index.js:101:39)
2025-10-02T15:26:54:     at require (node:internal/modules/helpers:182:18)
2025-10-02T15:26:54:     at Object.<anonymous> (/root/grandpro-hmso-new/backend/src/routes/owner-crm.routes.js:3:25)
2025-10-02T15:26:55: Error: No database connection string was provided to `neon()`. Perhaps an environment variable has not been set?
2025-10-02T15:26:55:     at neon (/root/grandpro-hmso-new/backend/node_modules/@neondatabase/serverless/index.js:1272:57)
2025-10-02T15:26:55:     at Object.<anonymous> (/root/grandpro-hmso-new/backend/src/services/owner-crm.service.js:5:13)
2025-10-02T15:26:55:     at Module._compile (node:internal/modules/cjs/loader:1521:14)
2025-10-02T15:26:55:     at Module._extensions..js (node:internal/modules/cjs/loader:1623:10)
2025-10-02T15:26:55:     at Module.load (node:internal/modules/cjs/loader:1266:32)
2025-10-02T15:26:55:     at Module._load (node:internal/modules/cjs/loader:1091:12)
2025-10-02T15:26:55:     at Module.require (node:internal/modules/cjs/loader:1289:19)
2025-10-02T15:26:55:     at Hook._require.Module.require (/usr/lib/node_modules/pm2/node_modules/require-in-the-middle/index.js:101:39)
2025-10-02T15:26:55:     at require (node:internal/modules/helpers:182:18)
2025-10-02T15:26:55:     at Object.<anonymous> (/root/grandpro-hmso-new/backend/src/routes/owner-crm.routes.js:3:25)
2025-10-02T15:26:56: Error: No database connection string was provided to `neon()`. Perhaps an environment variable has not been set?
2025-10-02T15:26:56:     at neon (/root/grandpro-hmso-new/backend/node_modules/@neondatabase/serverless/index.js:1272:57)
2025-10-02T15:26:56:     at Object.<anonymous> (/root/grandpro-hmso-new/backend/src/services/owner-crm.service.js:5:13)
2025-10-02T15:26:56:     at Module._compile (node:internal/modules/cjs/loader:1521:14)
2025-10-02T15:26:56:     at Module._extensions..js (node:internal/modules/cjs/loader:1623:10)
2025-10-02T15:26:56:     at Module.load (node:internal/modules/cjs/loader:1266:32)
2025-10-02T15:26:56:     at Module._load (node:internal/modules/cjs/loader:1091:12)
2025-10-02T15:26:56:     at Module.require (node:internal/modules/cjs/loader:1289:19)
2025-10-02T15:26:56:     at Hook._require.Module.require (/usr/lib/node_modules/pm2/node_modules/require-in-the-middle/index.js:101:39)
2025-10-02T15:26:56:     at require (node:internal/modules/helpers:182:18)
2025-10-02T15:26:56:     at Object.<anonymous> (/root/grandpro-hmso-new/backend/src/routes/owner-crm.routes.js:3:25)
2025-10-02T15:26:57: Error: No database connection string was provided to `neon()`. Perhaps an environment variable has not been set?
2025-10-02T15:26:57:     at neon (/root/grandpro-hmso-new/backend/node_modules/@neondatabase/serverless/index.js:1272:57)
2025-10-02T15:26:57:     at Object.<anonymous> (/root/grandpro-hmso-new/backend/src/services/owner-crm.service.js:5:13)
2025-10-02T15:26:57:     at Module._compile (node:internal/modules/cjs/loader:1521:14)
2025-10-02T15:26:57:     at Module._extensions..js (node:internal/modules/cjs/loader:1623:10)
2025-10-02T15:26:57:     at Module.load (node:internal/modules/cjs/loader:1266:32)
2025-10-02T15:26:57:     at Module._load (node:internal/modules/cjs/loader:1091:12)
2025-10-02T15:26:57:     at Module.require (node:internal/modules/cjs/loader:1289:19)
2025-10-02T15:26:57:     at Hook._require.Module.require (/usr/lib/node_modules/pm2/node_modules/require-in-the-middle/index.js:101:39)
2025-10-02T15:26:57:     at require (node:internal/modules/helpers:182:18)
2025-10-02T15:26:57:     at Object.<anonymous> (/root/grandpro-hmso-new/backend/src/routes/owner-crm.routes.js:3:25)
2025-10-02T15:26:58: Error: No database connection string was provided to `neon()`. Perhaps an environment variable has not been set?
2025-10-02T15:26:58:     at neon (/root/grandpro-hmso-new/backend/node_modules/@neondatabase/serverless/index.js:1272:57)
2025-10-02T15:26:58:     at Object.<anonymous> (/root/grandpro-hmso-new/backend/src/services/owner-crm.service.js:5:13)
2025-10-02T15:26:58:     at Module._compile (node:internal/modules/cjs/loader:1521:14)
2025-10-02T15:26:58:     at Module._extensions..js (node:internal/modules/cjs/loader:1623:10)
2025-10-02T15:26:58:     at Module.load (node:internal/modules/cjs/loader:1266:32)
2025-10-02T15:26:58:     at Module._load (node:internal/modules/cjs/loader:1091:12)
2025-10-02T15:26:58:     at Module.require (node:internal/modules/cjs/loader:1289:19)
2025-10-02T15:26:58:     at Hook._require.Module.require (/usr/lib/node_modules/pm2/node_modules/require-in-the-middle/index.js:101:39)
2025-10-02T15:26:58:     at require (node:internal/modules/helpers:182:18)
2025-10-02T15:26:58:     at Object.<anonymous> (/root/grandpro-hmso-new/backend/src/routes/owner-crm.routes.js:3:25)
2025-10-02T15:27:00: Error: No database connection string was provided to `neon()`. Perhaps an environment variable has not been set?
2025-10-02T15:27:00:     at neon (/root/grandpro-hmso-new/backend/node_modules/@neondatabase/serverless/index.js:1272:57)
2025-10-02T15:27:00:     at Object.<anonymous> (/root/grandpro-hmso-new/backend/src/services/owner-crm.service.js:5:13)
2025-10-02T15:27:00:     at Module._compile (node:internal/modules/cjs/loader:1521:14)
2025-10-02T15:27:00:     at Module._extensions..js (node:internal/modules/cjs/loader:1623:10)
2025-10-02T15:27:00:     at Module.load (node:internal/modules/cjs/loader:1266:32)
2025-10-02T15:27:00:     at Module._load (node:internal/modules/cjs/loader:1091:12)
2025-10-02T15:27:00:     at Module.require (node:internal/modules/cjs/loader:1289:19)
2025-10-02T15:27:00:     at Hook._require.Module.require (/usr/lib/node_modules/pm2/node_modules/require-in-the-middle/index.js:101:39)
2025-10-02T15:27:00:     at require (node:internal/modules/helpers:182:18)
2025-10-02T15:27:00:     at Object.<anonymous> (/root/grandpro-hmso-new/backend/src/routes/owner-crm.routes.js:3:25)
2025-10-02T15:27:00: Error: No database connection string was provided to `neon()`. Perhaps an environment variable has not been set?
2025-10-02T15:27:00:     at neon (/root/grandpro-hmso-new/backend/node_modules/@neondatabase/serverless/index.js:1272:57)
2025-10-02T15:27:00:     at Object.<anonymous> (/root/grandpro-hmso-new/backend/src/services/owner-crm.service.js:5:13)
2025-10-02T15:27:00:     at Module._compile (node:internal/modules/cjs/loader:1521:14)
2025-10-02T15:27:00:     at Module._extensions..js (node:internal/modules/cjs/loader:1623:10)
2025-10-02T15:27:00:     at Module.load (node:internal/modules/cjs/loader:1266:32)
2025-10-02T15:27:00:     at Module._load (node:internal/modules/cjs/loader:1091:12)
2025-10-02T15:27:00:     at Module.require (node:internal/modules/cjs/loader:1289:19)
2025-10-02T15:27:00:     at Hook._require.Module.require (/usr/lib/node_modules/pm2/node_modules/require-in-the-middle/index.js:101:39)
2025-10-02T15:27:00:     at require (node:internal/modules/helpers:182:18)
2025-10-02T15:27:00:     at Object.<anonymous> (/root/grandpro-hmso-new/backend/src/routes/owner-crm.routes.js:3:25)
2025-10-02T15:27:01: Error: No database connection string was provided to `neon()`. Perhaps an environment variable has not been set?
2025-10-02T15:27:01:     at neon (/root/grandpro-hmso-new/backend/node_modules/@neondatabase/serverless/index.js:1272:57)
2025-10-02T15:27:01:     at Object.<anonymous> (/root/grandpro-hmso-new/backend/src/services/owner-crm.service.js:5:13)
2025-10-02T15:27:01:     at Module._compile (node:internal/modules/cjs/loader:1521:14)
2025-10-02T15:27:01:     at Module._extensions..js (node:internal/modules/cjs/loader:1623:10)
2025-10-02T15:27:01:     at Module.load (node:internal/modules/cjs/loader:1266:32)
2025-10-02T15:27:01:     at Module._load (node:internal/modules/cjs/loader:1091:12)
2025-10-02T15:27:01:     at Module.require (node:internal/modules/cjs/loader:1289:19)
2025-10-02T15:27:01:     at Hook._require.Module.require (/usr/lib/node_modules/pm2/node_modules/require-in-the-middle/index.js:101:39)
2025-10-02T15:27:01:     at require (node:internal/modules/helpers:182:18)
2025-10-02T15:27:01:     at Object.<anonymous> (/root/grandpro-hmso-new/backend/src/routes/owner-crm.routes.js:3:25)
2025-10-02T15:27:02: Error: No database connection string was provided to `neon()`. Perhaps an environment variable has not been set?
2025-10-02T15:27:02:     at neon (/root/grandpro-hmso-new/backend/node_modules/@neondatabase/serverless/index.js:1272:57)
2025-10-02T15:27:02:     at Object.<anonymous> (/root/grandpro-hmso-new/backend/src/services/owner-crm.service.js:5:13)
2025-10-02T15:27:02:     at Module._compile (node:internal/modules/cjs/loader:1521:14)
2025-10-02T15:27:02:     at Module._extensions..js (node:internal/modules/cjs/loader:1623:10)
2025-10-02T15:27:02:     at Module.load (node:internal/modules/cjs/loader:1266:32)
2025-10-02T15:27:02:     at Module._load (node:internal/modules/cjs/loader:1091:12)
2025-10-02T15:27:02:     at Module.require (node:internal/modules/cjs/loader:1289:19)
2025-10-02T15:27:02:     at Hook._require.Module.require (/usr/lib/node_modules/pm2/node_modules/require-in-the-middle/index.js:101:39)
2025-10-02T15:27:02:     at require (node:internal/modules/helpers:182:18)
2025-10-02T15:27:02:     at Object.<anonymous> (/root/grandpro-hmso-new/backend/src/routes/owner-crm.routes.js:3:25)
2025-10-02T15:27:03: Error: No database connection string was provided to `neon()`. Perhaps an environment variable has not been set?
2025-10-02T15:27:03:     at neon (/root/grandpro-hmso-new/backend/node_modules/@neondatabase/serverless/index.js:1272:57)
2025-10-02T15:27:03:     at Object.<anonymous> (/root/grandpro-hmso-new/backend/src/services/owner-crm.service.js:5:13)
2025-10-02T15:27:03:     at Module._compile (node:internal/modules/cjs/loader:1521:14)
2025-10-02T15:27:03:     at Module._extensions..js (node:internal/modules/cjs/loader:1623:10)
2025-10-02T15:27:03:     at Module.load (node:internal/modules/cjs/loader:1266:32)
2025-10-02T15:27:03:     at Module._load (node:internal/modules/cjs/loader:1091:12)
2025-10-02T15:27:03:     at Module.require (node:internal/modules/cjs/loader:1289:19)
2025-10-02T15:27:03:     at Hook._require.Module.require (/usr/lib/node_modules/pm2/node_modules/require-in-the-middle/index.js:101:39)
2025-10-02T15:27:03:     at require (node:internal/modules/helpers:182:18)
2025-10-02T15:27:03:     at Object.<anonymous> (/root/grandpro-hmso-new/backend/src/routes/owner-crm.routes.js:3:25)
2025-10-02T15:27:03: Error: No database connection string was provided to `neon()`. Perhaps an environment variable has not been set?
2025-10-02T15:27:03:     at neon (/root/grandpro-hmso-new/backend/node_modules/@neondatabase/serverless/index.js:1272:57)
2025-10-02T15:27:03:     at Object.<anonymous> (/root/grandpro-hmso-new/backend/src/services/owner-crm.service.js:5:13)
2025-10-02T15:27:03:     at Module._compile (node:internal/modules/cjs/loader:1521:14)
2025-10-02T15:27:03:     at Module._extensions..js (node:internal/modules/cjs/loader:1623:10)
2025-10-02T15:27:03:     at Module.load (node:internal/modules/cjs/loader:1266:32)
2025-10-02T15:27:03:     at Module._load (node:internal/modules/cjs/loader:1091:12)
2025-10-02T15:27:03:     at Module.require (node:internal/modules/cjs/loader:1289:19)
2025-10-02T15:27:03:     at Hook._require.Module.require (/usr/lib/node_modules/pm2/node_modules/require-in-the-middle/index.js:101:39)
2025-10-02T15:27:03:     at require (node:internal/modules/helpers:182:18)
2025-10-02T15:27:03:     at Object.<anonymous> (/root/grandpro-hmso-new/backend/src/routes/owner-crm.routes.js:3:25)
2025-10-02T15:27:04: Error: No database connection string was provided to `neon()`. Perhaps an environment variable has not been set?
2025-10-02T15:27:04:     at neon (/root/grandpro-hmso-new/backend/node_modules/@neondatabase/serverless/index.js:1272:57)
2025-10-02T15:27:04:     at Object.<anonymous> (/root/grandpro-hmso-new/backend/src/services/owner-crm.service.js:5:13)
2025-10-02T15:27:04:     at Module._compile (node:internal/modules/cjs/loader:1521:14)
2025-10-02T15:27:04:     at Module._extensions..js (node:internal/modules/cjs/loader:1623:10)
2025-10-02T15:27:04:     at Module.load (node:internal/modules/cjs/loader:1266:32)
2025-10-02T15:27:04:     at Module._load (node:internal/modules/cjs/loader:1091:12)
2025-10-02T15:27:04:     at Module.require (node:internal/modules/cjs/loader:1289:19)
2025-10-02T15:27:04:     at Hook._require.Module.require (/usr/lib/node_modules/pm2/node_modules/require-in-the-middle/index.js:101:39)
2025-10-02T15:27:04:     at require (node:internal/modules/helpers:182:18)
2025-10-02T15:27:04:     at Object.<anonymous> (/root/grandpro-hmso-new/backend/src/routes/owner-crm.routes.js:3:25)
2025-10-02T15:27:05: Error: No database connection string was provided to `neon()`. Perhaps an environment variable has not been set?
2025-10-02T15:27:05:     at neon (/root/grandpro-hmso-new/backend/node_modules/@neondatabase/serverless/index.js:1272:57)
2025-10-02T15:27:05:     at Object.<anonymous> (/root/grandpro-hmso-new/backend/src/services/owner-crm.service.js:5:13)
2025-10-02T15:27:05:     at Module._compile (node:internal/modules/cjs/loader:1521:14)
2025-10-02T15:27:05:     at Module._extensions..js (node:internal/modules/cjs/loader:1623:10)
2025-10-02T15:27:05:     at Module.load (node:internal/modules/cjs/loader:1266:32)
2025-10-02T15:27:05:     at Module._load (node:internal/modules/cjs/loader:1091:12)
2025-10-02T15:27:05:     at Module.require (node:internal/modules/cjs/loader:1289:19)
2025-10-02T15:27:05:     at Hook._require.Module.require (/usr/lib/node_modules/pm2/node_modules/require-in-the-middle/index.js:101:39)
2025-10-02T15:27:05:     at require (node:internal/modules/helpers:182:18)
2025-10-02T15:27:05:     at Object.<anonymous> (/root/grandpro-hmso-new/backend/src/routes/owner-crm.routes.js:3:25)
2025-10-02T15:27:06: Error: No database connection string was provided to `neon()`. Perhaps an environment variable has not been set?
2025-10-02T15:27:06:     at neon (/root/grandpro-hmso-new/backend/node_modules/@neondatabase/serverless/index.js:1272:57)
2025-10-02T15:27:06:     at Object.<anonymous> (/root/grandpro-hmso-new/backend/src/services/owner-crm.service.js:5:13)
2025-10-02T15:27:06:     at Module._compile (node:internal/modules/cjs/loader:1521:14)
2025-10-02T15:27:06:     at Module._extensions..js (node:internal/modules/cjs/loader:1623:10)
2025-10-02T15:27:06:     at Module.load (node:internal/modules/cjs/loader:1266:32)
2025-10-02T15:27:06:     at Module._load (node:internal/modules/cjs/loader:1091:12)
2025-10-02T15:27:06:     at Module.require (node:internal/modules/cjs/loader:1289:19)
2025-10-02T15:27:06:     at Hook._require.Module.require (/usr/lib/node_modules/pm2/node_modules/require-in-the-middle/index.js:101:39)
2025-10-02T15:27:06:     at require (node:internal/modules/helpers:182:18)
2025-10-02T15:27:06:     at Object.<anonymous> (/root/grandpro-hmso-new/backend/src/routes/owner-crm.routes.js:3:25)
